2024-10-22 13:48:54 - DEBUG - 当前位置: (0, 0) 已经绘制棋子
2024-10-22 13:49:01 - DEBUG - 当前位置: (0, 0) 已经有棋子
2024-10-22 13:49:18 - DEBUG - 当前位置: (0, 0) 绘制棋子完成
2024-10-22 13:49:22 - DEBUG - 当前位置: (1, 0) 绘制棋子完成
2024-10-22 13:49:26 - DEBUG - 当前位置: (1, 0) 已经有棋子
2024-10-22 13:49:27 - DEBUG - 当前位置: (0, 0) 已经有棋子
2024-10-22 13:49:29 - DEBUG - 当前位置: (1, 0) 已经有棋子
2024-10-22 13:49:29 - DEBUG - 当前位置: (0, 0) 已经有棋子
2024-10-22 13:49:29 - DEBUG - 当前位置: (0, 0) 已经有棋子
2024-10-22 13:49:30 - DEBUG - 当前位置: (1, 0) 已经有棋子
2024-10-22 13:49:30 - DEBUG - 当前位置: (0, 0) 已经有棋子
2024-10-22 13:49:31 - DEBUG - 当前位置: (1, 0) 已经有棋子
2024-10-22 13:49:31 - DEBUG - 当前位置: (0, 0) 已经有棋子
2024-10-22 13:49:32 - DEBUG - 当前位置: (1, 0) 已经有棋子
2024-10-22 13:49:32 - DEBUG - 当前位置: (0, 0) 已经有棋子
2024-10-22 13:49:33 - DEBUG - 当前位置: (1, 0) 已经有棋子
2024-10-22 13:49:33 - DEBUG - 当前位置: (0, 0) 已经有棋子
2024-10-22 13:49:34 - DEBUG - 当前位置: (1, 0) 已经有棋子
2024-10-22 13:49:34 - DEBUG - 当前位置: (0, 0) 已经有棋子
2024-10-22 13:49:34 - DEBUG - 当前位置: (1, 0) 已经有棋子
2024-10-22 13:49:35 - DEBUG - 当前位置: (0, 0) 已经有棋子
2024-10-22 13:49:35 - DEBUG - 当前位置: (1, 0) 已经有棋子
2024-10-22 13:49:35 - DEBUG - 当前位置: (0, 0) 已经有棋子
2024-10-22 13:49:36 - DEBUG - 当前位置: (1, 0) 已经有棋子
2024-10-22 13:49:36 - DEBUG - 当前位置: (0, 0) 已经有棋子
2024-10-22 13:49:36 - DEBUG - 当前位置: (1, 0) 已经有棋子
2024-10-22 13:49:37 - DEBUG - 当前位置: (0, 0) 已经有棋子
2024-10-22 13:49:38 - DEBUG - 当前位置: (1, 0) 已经有棋子
2024-10-22 13:49:39 - DEBUG - 当前位置: (2, 0) 绘制棋子完成
2024-10-22 13:49:41 - DEBUG - 当前位置: (3, 0) 绘制棋子完成
2024-10-22 13:49:42 - DEBUG - 当前位置: (4, 0) 绘制棋子完成
2024-10-22 13:49:43 - DEBUG - 当前位置: (5, 0) 绘制棋子完成
2024-10-22 13:49:44 - DEBUG - 当前位置: (6, 0) 绘制棋子完成
2024-10-22 13:49:44 - DEBUG - 当前位置: (7, 0) 绘制棋子完成
2024-10-22 13:49:46 - DEBUG - 当前位置: (8, 0) 绘制棋子完成
2024-10-22 13:49:47 - DEBUG - 当前位置: (9, 0) 绘制棋子完成
2024-10-22 13:49:48 - DEBUG - 当前位置: (10, 0) 绘制棋子完成
2024-10-22 13:49:49 - DEBUG - 当前位置: (4, 6) 绘制棋子完成
2024-10-22 13:53:03 - DEBUG - 当前位置: (0, 0) 绘制棋子完成
2024-10-22 13:53:07 - DEBUG - 当前位置: (1, 0) 绘制棋子完成
2024-10-22 13:53:14 - DEBUG - 当前位置: (2, 0) 绘制棋子完成
2024-10-22 13:56:26 - DEBUG - 当前位置: (0, 0)=('A', '1') 绘制棋子完成
2024-10-22 13:56:29 - DEBUG - 当前位置: (1, 0)=('B', '1') 绘制棋子完成
2024-10-22 13:56:32 - DEBUG - 当前位置: (2, 0)=('C', '1') 绘制棋子完成
2024-10-22 13:56:33 - DEBUG - 当前位置: (3, 0)=('D', '1') 绘制棋子完成
2024-10-22 13:56:35 - DEBUG - 当前位置: (4, 1)=('E', '2') 绘制棋子完成
2024-10-22 13:56:35 - DEBUG - 当前位置: (3, 1)=('D', '2') 绘制棋子完成
2024-10-22 13:56:36 - DEBUG - 当前位置: (3, 2)=('D', '3') 绘制棋子完成
2024-10-22 14:12:52 - INFO - 初始化棋盘完成, 接下来请设置当前玩家
2024-10-22 14:12:52 - INFO - 当前玩家: Player(name='player1', color='white')
2024-10-22 14:12:56 - DEBUG - 当前位置: (0, 0)=('A', '1') 绘制棋子完成, 颜色: white
2024-10-22 14:13:00 - DEBUG - 当前位置: (1, 0)=('B', '1') 绘制棋子完成, 颜色: white
2024-10-22 14:13:01 - DEBUG - 当前位置: (2, 0)=('C', '1') 绘制棋子完成, 颜色: white
2024-10-22 14:13:01 - DEBUG - 当前位置: (3, 0)=('D', '1') 绘制棋子完成, 颜色: white
2024-10-22 14:13:02 - DEBUG - 当前位置: (4, 0)=('E', '1') 绘制棋子完成, 颜色: white
2024-10-22 14:13:04 - DEBUG - 当前位置: (5, 0)=('F', '1') 绘制棋子完成, 颜色: white
2024-10-22 14:13:36 - INFO - 初始化棋盘完成, 接下来请设置当前玩家
2024-10-22 14:13:36 - INFO - 当前玩家: Player(name='player1', color='white')
2024-10-22 14:13:37 - DEBUG - 当前位置: (0, 0)=('A', '1') 绘制棋子完成, 颜色: white
2024-10-22 14:13:37 - DEBUG - 当前位置: (1, 0)=('B', '1') 绘制棋子完成, 颜色: white
2024-10-22 14:17:40 - INFO - 初始化棋盘完成, 接下来请设置当前玩家
2024-10-22 14:17:40 - INFO - 当前玩家: Player(name='player1', color='white')
2024-10-22 14:17:43 - DEBUG - 当前位置: (0, 0)=('A', '1') 绘制棋子完成, 颜色: white
2024-10-22 14:28:18 - INFO - 初始化棋盘完成, 接下来请设置当前玩家
2024-10-22 14:28:18 - INFO - 当前玩家: Player(name='player1', color='white')
2024-10-22 14:28:19 - DEBUG - 当前位置: (1, 0)=('B', '1') 绘制棋子完成, 颜色: white
2024-10-22 14:28:21 - DEBUG - 当前位置: (2, 0)=('C', '1') 绘制棋子完成, 颜色: white
2024-10-22 14:28:24 - DEBUG - 当前位置: (3, 0)=('D', '1') 绘制棋子完成, 颜色: white
2024-10-22 14:28:25 - DEBUG - 当前位置: (4, 0)=('E', '1') 绘制棋子完成, 颜色: white
2024-10-22 14:28:26 - DEBUG - 当前位置: (5, 0)=('F', '1') 绘制棋子完成, 颜色: white
2024-10-22 14:28:28 - INFO - Player(name='player1', color='white') 胜利
2024-10-22 14:29:03 - INFO - 初始化棋盘完成, 接下来请设置当前玩家
2024-10-22 14:29:03 - INFO - 当前玩家: Player(name='player1', color='white')
2024-10-22 14:29:04 - DEBUG - 当前位置: (2, 2)=('C', '3') 绘制棋子完成, 颜色: white
2024-10-22 14:29:05 - DEBUG - 当前位置: (3, 2)=('D', '3') 绘制棋子完成, 颜色: white
2024-10-22 14:29:05 - DEBUG - 当前位置: (4, 2)=('E', '3') 绘制棋子完成, 颜色: white
2024-10-22 14:29:05 - DEBUG - 当前位置: (5, 2)=('F', '3') 绘制棋子完成, 颜色: white
2024-10-22 14:29:06 - DEBUG - 当前位置: (6, 2)=('G', '3') 绘制棋子完成, 颜色: white
2024-10-22 14:29:08 - INFO - Player(name='player1', color='white') 胜利
2024-10-22 14:29:25 - INFO - 初始化棋盘完成, 接下来请设置当前玩家
2024-10-22 14:29:25 - INFO - 当前玩家: Player(name='player1', color='white')
2024-10-22 14:29:26 - DEBUG - 当前位置: (6, 1)=('G', '2') 绘制棋子完成, 颜色: white
2024-10-22 14:29:26 - DEBUG - 当前位置: (7, 1)=('H', '2') 绘制棋子完成, 颜色: white
2024-10-22 14:29:26 - DEBUG - 当前位置: (8, 1)=('I', '2') 绘制棋子完成, 颜色: white
2024-10-22 14:29:27 - DEBUG - 当前位置: (9, 1)=('J', '2') 绘制棋子完成, 颜色: white
2024-10-22 14:29:27 - DEBUG - 当前位置: (10, 1)=('K', '2') 绘制棋子完成, 颜色: white
2024-10-22 14:29:29 - INFO - Player(name='player1', color='white') 胜利
2024-10-22 14:31:44 - INFO - 初始化棋盘完成, 接下来请设置当前玩家
2024-10-22 14:31:44 - INFO - 当前玩家: Player(name='player1', color='white')
2024-10-22 14:31:45 - DEBUG - 当前位置: (0, 0)=('A', '1') 绘制棋子完成, 颜色: white
2024-10-22 14:31:46 - DEBUG - 当前位置: (1, 0)=('B', '1') 绘制棋子完成, 颜色: white
2024-10-22 14:31:46 - DEBUG - 当前位置: (2, 0)=('C', '1') 绘制棋子完成, 颜色: white
2024-10-22 14:31:47 - DEBUG - 当前位置: (3, 0)=('D', '1') 绘制棋子完成, 颜色: white
2024-10-22 14:31:47 - DEBUG - 当前位置: (4, 0)=('E', '1') 绘制棋子完成, 颜色: white
2024-10-22 14:31:47 - INFO - Player(name='player1', color='white') 胜利
2024-10-22 14:32:55 - INFO - 初始化棋盘完成, 接下来请设置当前玩家
2024-10-22 14:32:55 - INFO - 当前玩家: Player(name='player1', color='white')
2024-10-22 14:32:56 - DEBUG - 当前位置: (0, 0)=('A', '1') 绘制棋子完成, 颜色: white
2024-10-22 14:32:57 - DEBUG - 当前位置: (1, 0)=('B', '1') 绘制棋子完成, 颜色: white
2024-10-22 14:32:57 - DEBUG - 当前位置: (2, 0)=('C', '1') 绘制棋子完成, 颜色: white
2024-10-22 14:32:57 - DEBUG - 当前位置: (3, 0)=('D', '1') 绘制棋子完成, 颜色: white
2024-10-22 14:32:58 - DEBUG - 当前位置: (4, 0)=('E', '1') 绘制棋子完成, 颜色: white
2024-10-22 14:32:58 - INFO - Player(name='player1', color='white') 胜利
2024-10-22 14:42:38 - INFO - 初始化棋盘完成, 接下来请设置当前玩家
2024-10-22 14:42:39 - INFO - 当前玩家: Player(name='player1', color='white')
2024-10-22 14:42:41 - DEBUG - 当前位置: (0, 0)=('A', '1') 绘制棋子完成, 颜色: white
2024-10-22 14:42:42 - DEBUG - 当前位置: (1, 0)=('B', '1') 绘制棋子完成, 颜色: white
2024-10-22 14:42:42 - DEBUG - 当前位置: (2, 0)=('C', '1') 绘制棋子完成, 颜色: white
2024-10-22 14:42:42 - DEBUG - 当前位置: (3, 0)=('D', '1') 绘制棋子完成, 颜色: white
2024-10-22 14:42:43 - DEBUG - 当前位置: (4, 0)=('E', '1') 绘制棋子完成, 颜色: white
2024-10-22 14:42:43 - INFO - Player(name='player1', color='white') 胜利
2024-10-22 14:42:46 - INFO - 棋盘已清空
2024-10-22 14:43:07 - INFO - 初始化棋盘完成, 接下来请设置当前玩家
2024-10-22 14:43:07 - INFO - 当前玩家: Player(name='player1', color='white')
2024-10-22 14:43:07 - DEBUG - 当前位置: (0, 0)=('A', '1') 绘制棋子完成, 颜色: white
2024-10-22 14:43:08 - DEBUG - 当前位置: (1, 0)=('B', '1') 绘制棋子完成, 颜色: white
2024-10-22 14:43:08 - DEBUG - 当前位置: (2, 0)=('C', '1') 绘制棋子完成, 颜色: white
2024-10-22 14:43:09 - DEBUG - 当前位置: (3, 0)=('D', '1') 绘制棋子完成, 颜色: white
2024-10-22 14:43:09 - DEBUG - 当前位置: (4, 0)=('E', '1') 绘制棋子完成, 颜色: white
2024-10-22 14:43:09 - INFO - Player(name='player1', color='white') 胜利
2024-10-22 14:43:11 - INFO - Player(name='player1', color='white') 已经胜利, 请重新开始游戏
2024-10-22 14:43:11 - INFO - Player(name='player1', color='white') 已经胜利, 请重新开始游戏
2024-10-22 14:43:12 - INFO - Player(name='player1', color='white') 已经胜利, 请重新开始游戏
2024-10-22 14:43:12 - INFO - Player(name='player1', color='white') 已经胜利, 请重新开始游戏
2024-10-22 14:43:13 - INFO - Player(name='player1', color='white') 已经胜利, 请重新开始游戏
2024-10-22 14:43:13 - INFO - Player(name='player1', color='white') 已经胜利, 请重新开始游戏
2024-10-22 14:43:15 - INFO - 棋盘已清空
2024-10-22 14:43:16 - DEBUG - 当前位置: (2, 2)=('C', '3') 绘制棋子完成, 颜色: white
2024-10-22 14:43:17 - DEBUG - 当前位置: (2, 3)=('C', '4') 绘制棋子完成, 颜色: white
2024-10-22 14:43:17 - DEBUG - 当前位置: (2, 4)=('C', '5') 绘制棋子完成, 颜色: white
2024-10-22 14:43:18 - DEBUG - 当前位置: (2, 5)=('C', '6') 绘制棋子完成, 颜色: white
2024-10-22 14:43:18 - DEBUG - 当前位置: (2, 6)=('C', '7') 绘制棋子完成, 颜色: white
2024-10-22 14:43:18 - INFO - Player(name='player1', color='white') 胜利
2024-10-22 14:43:19 - INFO - Player(name='player1', color='white') 已经胜利, 请重新开始游戏
2024-10-22 14:43:20 - INFO - Player(name='player1', color='white') 已经胜利, 请重新开始游戏
2024-10-22 14:43:20 - INFO - Player(name='player1', color='white') 已经胜利, 请重新开始游戏
2024-10-22 14:43:21 - INFO - Player(name='player1', color='white') 已经胜利, 请重新开始游戏
2024-10-22 14:43:21 - INFO - Player(name='player1', color='white') 已经胜利, 请重新开始游戏
2024-10-22 14:43:34 - INFO - 棋盘已清空
