2024-10-25 05:32:50 - INFO - 初始化棋盘完成, 接下来请设置当前玩家
2024-10-25 05:32:52 - INFO - 棋盘已清空
2024-10-25 05:32:52 - INFO - Current AI: AlphaBetaGomokuAI
2024-10-25 05:32:52 - INFO - 当前玩家: Player(name='Player', color='black', type='human')人类玩家, 请点击棋盘下棋
2024-10-25 05:32:54 - DEBUG - 当前位置: (7, 4)=('H', '5') 绘制棋子完成, 颜色: black
2024-10-25 05:32:54 - INFO - 当前玩家: Player(name='AI', color='white', type='ai')AI 玩家, 请等待AI下棋
2024-10-25 05:32:54 - DEBUG - Enemy pieces less than 3, will choose center randomly
2024-10-25 05:32:54 - SUCCESS - AI move: (9, 9)
2024-10-25 05:32:54 - DEBUG - 当前位置: (9, 9)=('J', '10') 绘制棋子完成, 颜色: white
2024-10-25 05:32:54 - INFO - 当前玩家: Player(name='Player', color='black', type='human')人类玩家, 请点击棋盘下棋
2024-10-25 05:32:55 - DEBUG - 当前位置: (8, 5)=('I', '6') 绘制棋子完成, 颜色: black
2024-10-25 05:32:55 - INFO - 当前玩家: Player(name='AI', color='white', type='ai')AI 玩家, 请等待AI下棋
2024-10-25 05:32:55 - DEBUG - AI is thinking ... AI is max player
2024-10-25 05:32:56 - SUCCESS - AI move: (9, 6)
2024-10-25 05:32:56 - DEBUG - 当前位置: (9, 6)=('J', '7') 绘制棋子完成, 颜色: white
2024-10-25 05:32:56 - INFO - 当前玩家: Player(name='Player', color='black', type='human')人类玩家, 请点击棋盘下棋
2024-10-25 05:32:57 - DEBUG - 当前位置: (10, 5)=('K', '6') 绘制棋子完成, 颜色: black
2024-10-25 05:32:57 - INFO - 当前玩家: Player(name='AI', color='white', type='ai')AI 玩家, 请等待AI下棋
2024-10-25 05:32:57 - DEBUG - AI is thinking ... AI is max player
2024-10-25 05:32:58 - SUCCESS - AI move: (9, 5)
2024-10-25 05:32:58 - DEBUG - 当前位置: (9, 5)=('J', '6') 绘制棋子完成, 颜色: white
2024-10-25 05:32:58 - INFO - 当前玩家: Player(name='Player', color='black', type='human')人类玩家, 请点击棋盘下棋
2024-10-25 05:33:00 - DEBUG - 当前位置: (9, 4)=('J', '5') 绘制棋子完成, 颜色: black
2024-10-25 05:33:00 - INFO - 当前玩家: Player(name='AI', color='white', type='ai')AI 玩家, 请等待AI下棋
2024-10-25 05:33:00 - DEBUG - AI is thinking ... AI is max player
2024-10-25 05:33:01 - SUCCESS - AI move: (9, 10)
2024-10-25 05:33:01 - DEBUG - 当前位置: (9, 10)=('J', '11') 绘制棋子完成, 颜色: white
2024-10-25 05:33:01 - INFO - 当前玩家: Player(name='Player', color='black', type='human')人类玩家, 请点击棋盘下棋
2024-10-25 05:33:02 - DEBUG - 当前位置: (9, 8)=('J', '9') 绘制棋子完成, 颜色: black
2024-10-25 05:33:02 - INFO - 当前玩家: Player(name='AI', color='white', type='ai')AI 玩家, 请等待AI下棋
2024-10-25 05:33:02 - DEBUG - AI is thinking ... AI is max player
2024-10-25 05:33:04 - SUCCESS - AI move: (9, 11)
2024-10-25 05:33:04 - DEBUG - 当前位置: (9, 11)=('J', '12') 绘制棋子完成, 颜色: white
2024-10-25 05:33:04 - INFO - 当前玩家: Player(name='Player', color='black', type='human')人类玩家, 请点击棋盘下棋
2024-10-25 05:33:05 - DEBUG - 当前位置: (9, 12)=('J', '13') 绘制棋子完成, 颜色: black
2024-10-25 05:33:05 - INFO - 当前玩家: Player(name='AI', color='white', type='ai')AI 玩家, 请等待AI下棋
2024-10-25 05:33:05 - DEBUG - AI is thinking ... AI is max player
2024-10-25 05:33:08 - SUCCESS - AI move: (8, 10)
2024-10-25 05:33:08 - DEBUG - 当前位置: (8, 10)=('I', '11') 绘制棋子完成, 颜色: white
2024-10-25 05:33:08 - INFO - 当前玩家: Player(name='Player', color='black', type='human')人类玩家, 请点击棋盘下棋
2024-10-25 05:33:09 - DEBUG - 当前位置: (7, 9)=('H', '10') 绘制棋子完成, 颜色: black
2024-10-25 05:33:09 - INFO - 当前玩家: Player(name='AI', color='white', type='ai')AI 玩家, 请等待AI下棋
2024-10-25 05:33:09 - DEBUG - AI is thinking ... AI is max player
2024-10-25 05:33:11 - SUCCESS - AI move: (10, 10)
2024-10-25 05:33:11 - DEBUG - 当前位置: (10, 10)=('K', '11') 绘制棋子完成, 颜色: white
2024-10-25 05:33:12 - INFO - 当前玩家: Player(name='Player', color='black', type='human')人类玩家, 请点击棋盘下棋
2024-10-25 05:33:12 - DEBUG - 当前位置: (11, 10)=('L', '11') 绘制棋子完成, 颜色: black
2024-10-25 05:33:12 - INFO - 当前玩家: Player(name='AI', color='white', type='ai')AI 玩家, 请等待AI下棋
2024-10-25 05:33:12 - DEBUG - AI is thinking ... AI is max player
2024-10-25 05:33:15 - SUCCESS - AI move: (7, 10)
2024-10-25 05:33:15 - DEBUG - 当前位置: (7, 10)=('H', '11') 绘制棋子完成, 颜色: white
2024-10-25 05:33:15 - INFO - 当前玩家: Player(name='Player', color='black', type='human')人类玩家, 请点击棋盘下棋
2024-10-25 05:33:16 - DEBUG - 当前位置: (6, 10)=('G', '11') 绘制棋子完成, 颜色: black
2024-10-25 05:33:16 - INFO - 当前玩家: Player(name='AI', color='white', type='ai')AI 玩家, 请等待AI下棋
2024-10-25 05:33:16 - DEBUG - AI is thinking ... AI is max player
2024-10-25 05:33:20 - SUCCESS - AI move: (11, 9)
2024-10-25 05:33:20 - DEBUG - 当前位置: (11, 9)=('L', '10') 绘制棋子完成, 颜色: white
2024-10-25 05:33:20 - INFO - 当前玩家: Player(name='Player', color='black', type='human')人类玩家, 请点击棋盘下棋
2024-10-25 05:33:21 - DEBUG - 当前位置: (12, 8)=('M', '9') 绘制棋子完成, 颜色: black
2024-10-25 05:33:21 - INFO - 当前玩家: Player(name='AI', color='white', type='ai')AI 玩家, 请等待AI下棋
2024-10-25 05:33:21 - DEBUG - AI is thinking ... AI is max player
2024-10-25 05:33:24 - SUCCESS - AI move: (8, 12)
2024-10-25 05:33:24 - DEBUG - 当前位置: (8, 12)=('I', '13') 绘制棋子完成, 颜色: white
2024-10-25 05:33:24 - INFO - 当前玩家: Player(name='Player', color='black', type='human')人类玩家, 请点击棋盘下棋
2024-10-25 05:33:28 - DEBUG - 当前位置: (7, 13)=('H', '14') 绘制棋子完成, 颜色: black
2024-10-25 05:33:28 - INFO - 当前玩家: Player(name='AI', color='white', type='ai')AI 玩家, 请等待AI下棋
2024-10-25 05:33:28 - DEBUG - AI is thinking ... AI is max player
2024-10-25 05:33:31 - SUCCESS - AI move: (8, 8)
2024-10-25 05:33:31 - DEBUG - 当前位置: (8, 8)=('I', '9') 绘制棋子完成, 颜色: white
2024-10-25 05:33:31 - INFO - 当前玩家: Player(name='Player', color='black', type='human')人类玩家, 请点击棋盘下棋
2024-10-25 05:33:37 - DEBUG - 当前位置: (11, 11)=('L', '12') 绘制棋子完成, 颜色: black
2024-10-25 05:33:37 - INFO - 当前玩家: Player(name='AI', color='white', type='ai')AI 玩家, 请等待AI下棋
2024-10-25 05:33:37 - DEBUG - AI is thinking ... AI is max player
2024-10-25 05:33:40 - SUCCESS - AI move: (7, 7)
2024-10-25 05:33:40 - DEBUG - 当前位置: (7, 7)=('H', '8') 绘制棋子完成, 颜色: white
2024-10-25 05:33:40 - INFO - 当前玩家: Player(name='Player', color='black', type='human')人类玩家, 请点击棋盘下棋
2024-10-25 05:33:43 - DEBUG - 当前位置: (6, 6)=('G', '7') 绘制棋子完成, 颜色: black
2024-10-25 05:33:43 - INFO - 当前玩家: Player(name='AI', color='white', type='ai')AI 玩家, 请等待AI下棋
2024-10-25 05:33:43 - DEBUG - AI is thinking ... AI is max player
2024-10-25 05:33:48 - SUCCESS - AI move: (10, 8)
2024-10-25 05:33:48 - DEBUG - 当前位置: (10, 8)=('K', '9') 绘制棋子完成, 颜色: white
2024-10-25 05:33:48 - INFO - 当前玩家: Player(name='Player', color='black', type='human')人类玩家, 请点击棋盘下棋
2024-10-25 05:33:53 - DEBUG - 当前位置: (11, 7)=('L', '8') 绘制棋子完成, 颜色: black
2024-10-25 05:33:53 - INFO - 当前玩家: Player(name='AI', color='white', type='ai')AI 玩家, 请等待AI下棋
2024-10-25 05:33:53 - DEBUG - AI is thinking ... AI is max player
2024-10-25 05:33:56 - SUCCESS - AI move: (7, 11)
2024-10-25 05:33:56 - DEBUG - 当前位置: (7, 11)=('H', '12') 绘制棋子完成, 颜色: white
2024-10-25 05:33:56 - INFO - 当前玩家: Player(name='Player', color='black', type='human')人类玩家, 请点击棋盘下棋
2024-10-25 05:34:01 - DEBUG - 当前位置: (6, 12)=('G', '13') 绘制棋子完成, 颜色: black
2024-10-25 05:34:01 - INFO - 当前玩家: Player(name='AI', color='white', type='ai')AI 玩家, 请等待AI下棋
2024-10-25 05:34:01 - DEBUG - AI is thinking ... AI is max player
2024-10-25 05:34:04 - SUCCESS - AI move: (8, 6)
2024-10-25 05:34:04 - DEBUG - 当前位置: (8, 6)=('I', '7') 绘制棋子完成, 颜色: white
2024-10-25 05:34:05 - INFO - 当前玩家: Player(name='Player', color='black', type='human')人类玩家, 请点击棋盘下棋
2024-10-25 05:34:14 - DEBUG - 当前位置: (10, 4)=('K', '5') 绘制棋子完成, 颜色: black
2024-10-25 05:34:14 - INFO - 当前玩家: Player(name='AI', color='white', type='ai')AI 玩家, 请等待AI下棋
2024-10-25 05:34:14 - DEBUG - AI is thinking ... AI is max player
2024-10-25 05:34:19 - SUCCESS - AI move: (9, 7)
2024-10-25 05:34:19 - DEBUG - 当前位置: (9, 7)=('J', '8') 绘制棋子完成, 颜色: white
2024-10-25 05:34:19 - INFO - 当前玩家: Player(name='Player', color='black', type='human')人类玩家, 请点击棋盘下棋
2024-10-25 05:34:21 - DEBUG - 当前位置: (12, 10)=('M', '11') 绘制棋子完成, 颜色: black
2024-10-25 05:34:21 - INFO - 当前玩家: Player(name='AI', color='white', type='ai')AI 玩家, 请等待AI下棋
2024-10-25 05:34:21 - DEBUG - AI is thinking ... AI is max player
2024-10-25 05:34:23 - SUCCESS - AI move: (7, 5)
2024-10-25 05:34:23 - DEBUG - 当前位置: (7, 5)=('H', '6') 绘制棋子完成, 颜色: white
2024-10-25 05:34:23 - INFO - Player(name='AI', color='white', type='ai') 胜利
2024-10-25 05:34:28 - INFO - 棋盘已清空
2024-10-25 05:34:32 - INFO - 棋盘已清空
2024-10-25 05:34:32 - INFO - Current AI: AlphaBetaGomokuAI
2024-10-25 05:34:32 - INFO - 当前玩家: Player(name='AI', color='white', type='ai')AI 玩家, 请等待AI下棋
2024-10-25 05:34:32 - INFO - AI is first
2024-10-25 05:34:32 - DEBUG - No pieces , AI will choose center
2024-10-25 05:34:32 - SUCCESS - AI move: (7, 7)
2024-10-25 05:34:32 - DEBUG - 当前位置: (7, 7)=('H', '8') 绘制棋子完成, 颜色: white
2024-10-25 05:34:33 - INFO - 当前玩家: Player(name='Player', color='black', type='human')人类玩家, 请点击棋盘下棋
2024-10-25 05:34:49 - DEBUG - 当前位置: (8, 6)=('I', '7') 绘制棋子完成, 颜色: black
2024-10-25 05:34:49 - INFO - 当前玩家: Player(name='AI', color='white', type='ai')AI 玩家, 请等待AI下棋
2024-10-25 05:34:49 - DEBUG - Enemy pieces less than 3, will choose center randomly
2024-10-25 05:34:49 - SUCCESS - AI move: (6, 9)
2024-10-25 05:34:49 - DEBUG - 当前位置: (6, 9)=('G', '10') 绘制棋子完成, 颜色: white
2024-10-25 05:34:49 - INFO - 当前玩家: Player(name='Player', color='black', type='human')人类玩家, 请点击棋盘下棋
2024-10-25 05:34:50 - DEBUG - 当前位置: (6, 8)=('G', '9') 绘制棋子完成, 颜色: black
2024-10-25 05:34:50 - INFO - 当前玩家: Player(name='AI', color='white', type='ai')AI 玩家, 请等待AI下棋
2024-10-25 05:34:50 - DEBUG - AI is thinking ... AI is max player
2024-10-25 05:34:51 - SUCCESS - AI move: (5, 8)
2024-10-25 05:34:51 - DEBUG - 当前位置: (5, 8)=('F', '9') 绘制棋子完成, 颜色: white
2024-10-25 05:34:51 - INFO - 当前玩家: Player(name='Player', color='black', type='human')人类玩家, 请点击棋盘下棋
2024-10-25 05:34:52 - DEBUG - 当前位置: (4, 7)=('E', '8') 绘制棋子完成, 颜色: black
2024-10-25 05:34:52 - INFO - 当前玩家: Player(name='AI', color='white', type='ai')AI 玩家, 请等待AI下棋
2024-10-25 05:34:52 - DEBUG - AI is thinking ... AI is max player
2024-10-25 05:34:53 - SUCCESS - AI move: (7, 10)
2024-10-25 05:34:53 - DEBUG - 当前位置: (7, 10)=('H', '11') 绘制棋子完成, 颜色: white
2024-10-25 05:34:53 - INFO - 当前玩家: Player(name='Player', color='black', type='human')人类玩家, 请点击棋盘下棋
2024-10-25 05:34:54 - DEBUG - 当前位置: (8, 11)=('I', '12') 绘制棋子完成, 颜色: black
2024-10-25 05:34:54 - INFO - 当前玩家: Player(name='AI', color='white', type='ai')AI 玩家, 请等待AI下棋
2024-10-25 05:34:54 - DEBUG - AI is thinking ... AI is max player
2024-10-25 05:34:56 - SUCCESS - AI move: (7, 9)
2024-10-25 05:34:56 - DEBUG - 当前位置: (7, 9)=('H', '10') 绘制棋子完成, 颜色: white
2024-10-25 05:34:56 - INFO - 当前玩家: Player(name='Player', color='black', type='human')人类玩家, 请点击棋盘下棋
2024-10-25 05:34:57 - DEBUG - 当前位置: (8, 9)=('I', '10') 绘制棋子完成, 颜色: black
2024-10-25 05:34:57 - INFO - 当前玩家: Player(name='AI', color='white', type='ai')AI 玩家, 请等待AI下棋
2024-10-25 05:34:57 - DEBUG - AI is thinking ... AI is max player
2024-10-25 05:35:00 - SUCCESS - AI move: (7, 8)
2024-10-25 05:35:00 - DEBUG - 当前位置: (7, 8)=('H', '9') 绘制棋子完成, 颜色: white
2024-10-25 05:35:00 - INFO - 当前玩家: Player(name='Player', color='black', type='human')人类玩家, 请点击棋盘下棋
2024-10-25 05:35:01 - DEBUG - 当前位置: (7, 11)=('H', '12') 绘制棋子完成, 颜色: black
2024-10-25 05:35:01 - INFO - 当前玩家: Player(name='AI', color='white', type='ai')AI 玩家, 请等待AI下棋
2024-10-25 05:35:01 - DEBUG - AI is thinking ... AI is max player
2024-10-25 05:35:03 - SUCCESS - AI move: (7, 6)
2024-10-25 05:35:03 - DEBUG - 当前位置: (7, 6)=('H', '7') 绘制棋子完成, 颜色: white
2024-10-25 05:35:03 - INFO - Player(name='AI', color='white', type='ai') 胜利
2024-10-25 05:35:05 - INFO - 棋盘已清空
2024-10-25 05:35:05 - INFO - Current AI: AlphaBetaGomokuAI
2024-10-25 05:35:05 - INFO - 当前玩家: Player(name='AI', color='white', type='ai')AI 玩家, 请等待AI下棋
2024-10-25 05:35:05 - INFO - AI is first
2024-10-25 05:35:05 - DEBUG - No pieces , AI will choose center
2024-10-25 05:35:05 - SUCCESS - AI move: (7, 7)
2024-10-25 05:35:05 - DEBUG - 当前位置: (7, 7)=('H', '8') 绘制棋子完成, 颜色: white
2024-10-25 05:35:05 - INFO - 当前玩家: Player(name='Player', color='black', type='human')人类玩家, 请点击棋盘下棋
2024-10-25 05:35:06 - DEBUG - 当前位置: (8, 6)=('I', '7') 绘制棋子完成, 颜色: black
2024-10-25 05:35:06 - INFO - 当前玩家: Player(name='AI', color='white', type='ai')AI 玩家, 请等待AI下棋
2024-10-25 05:35:06 - DEBUG - Enemy pieces less than 3, will choose center randomly
2024-10-25 05:35:06 - SUCCESS - AI move: (5, 9)
2024-10-25 05:35:06 - DEBUG - 当前位置: (5, 9)=('F', '10') 绘制棋子完成, 颜色: white
2024-10-25 05:35:06 - INFO - 当前玩家: Player(name='Player', color='black', type='human')人类玩家, 请点击棋盘下棋
2024-10-25 05:35:07 - DEBUG - 当前位置: (6, 8)=('G', '9') 绘制棋子完成, 颜色: black
2024-10-25 05:35:07 - INFO - 当前玩家: Player(name='AI', color='white', type='ai')AI 玩家, 请等待AI下棋
2024-10-25 05:35:07 - DEBUG - AI is thinking ... AI is max player
2024-10-25 05:35:08 - SUCCESS - AI move: (3, 7)
2024-10-25 05:35:08 - DEBUG - 当前位置: (3, 7)=('D', '8') 绘制棋子完成, 颜色: white
2024-10-25 05:35:08 - INFO - 当前玩家: Player(name='Player', color='black', type='human')人类玩家, 请点击棋盘下棋
2024-10-25 05:35:09 - DEBUG - 当前位置: (4, 8)=('E', '9') 绘制棋子完成, 颜色: black
2024-10-25 05:35:09 - INFO - 当前玩家: Player(name='AI', color='white', type='ai')AI 玩家, 请等待AI下棋
2024-10-25 05:35:09 - DEBUG - AI is thinking ... AI is max player
2024-10-25 05:35:10 - SUCCESS - AI move: (5, 8)
2024-10-25 05:35:10 - DEBUG - 当前位置: (5, 8)=('F', '9') 绘制棋子完成, 颜色: white
2024-10-25 05:35:10 - INFO - 当前玩家: Player(name='Player', color='black', type='human')人类玩家, 请点击棋盘下棋
2024-10-25 05:35:12 - DEBUG - 当前位置: (7, 8)=('H', '9') 绘制棋子完成, 颜色: black
2024-10-25 05:35:12 - INFO - 当前玩家: Player(name='AI', color='white', type='ai')AI 玩家, 请等待AI下棋
2024-10-25 05:35:12 - DEBUG - AI is thinking ... AI is max player
2024-10-25 05:35:13 - SUCCESS - AI move: (5, 7)
2024-10-25 05:35:13 - DEBUG - 当前位置: (5, 7)=('F', '8') 绘制棋子完成, 颜色: white
2024-10-25 05:35:13 - INFO - 当前玩家: Player(name='Player', color='black', type='human')人类玩家, 请点击棋盘下棋
2024-10-25 05:35:14 - DEBUG - 当前位置: (5, 10)=('F', '11') 绘制棋子完成, 颜色: black
2024-10-25 05:35:15 - INFO - 当前玩家: Player(name='AI', color='white', type='ai')AI 玩家, 请等待AI下棋
2024-10-25 05:35:15 - DEBUG - AI is thinking ... AI is max player
2024-10-25 05:35:16 - SUCCESS - AI move: (5, 6)
2024-10-25 05:35:16 - DEBUG - 当前位置: (5, 6)=('F', '7') 绘制棋子完成, 颜色: white
2024-10-25 05:35:16 - INFO - 当前玩家: Player(name='Player', color='black', type='human')人类玩家, 请点击棋盘下棋
2024-10-25 05:35:17 - DEBUG - 当前位置: (5, 5)=('F', '6') 绘制棋子完成, 颜色: black
2024-10-25 05:35:17 - INFO - 当前玩家: Player(name='AI', color='white', type='ai')AI 玩家, 请等待AI下棋
2024-10-25 05:35:17 - DEBUG - AI is thinking ... AI is max player
2024-10-25 05:35:20 - SUCCESS - AI move: (4, 7)
2024-10-25 05:35:20 - DEBUG - 当前位置: (4, 7)=('E', '8') 绘制棋子完成, 颜色: white
2024-10-25 05:35:20 - INFO - 当前玩家: Player(name='Player', color='black', type='human')人类玩家, 请点击棋盘下棋
2024-10-25 05:35:21 - DEBUG - 当前位置: (6, 7)=('G', '8') 绘制棋子完成, 颜色: black
2024-10-25 05:35:21 - INFO - 当前玩家: Player(name='AI', color='white', type='ai')AI 玩家, 请等待AI下棋
2024-10-25 05:35:21 - DEBUG - AI is thinking ... AI is max player
2024-10-25 05:35:22 - SUCCESS - AI move: (2, 7)
2024-10-25 05:35:22 - DEBUG - 当前位置: (2, 7)=('C', '8') 绘制棋子完成, 颜色: white
2024-10-25 05:35:22 - INFO - 当前玩家: Player(name='Player', color='black', type='human')人类玩家, 请点击棋盘下棋
2024-10-25 05:35:23 - DEBUG - 当前位置: (1, 7)=('B', '8') 绘制棋子完成, 颜色: black
2024-10-25 05:35:23 - INFO - 当前玩家: Player(name='AI', color='white', type='ai')AI 玩家, 请等待AI下棋
2024-10-25 05:35:23 - DEBUG - AI is thinking ... AI is max player
2024-10-25 05:35:25 - SUCCESS - AI move: (6, 9)
2024-10-25 05:35:25 - DEBUG - 当前位置: (6, 9)=('G', '10') 绘制棋子完成, 颜色: white
2024-10-25 05:35:25 - INFO - 当前玩家: Player(name='Player', color='black', type='human')人类玩家, 请点击棋盘下棋
2024-10-25 05:35:26 - DEBUG - 当前位置: (7, 10)=('H', '11') 绘制棋子完成, 颜色: black
2024-10-25 05:35:26 - INFO - 当前玩家: Player(name='AI', color='white', type='ai')AI 玩家, 请等待AI下棋
2024-10-25 05:35:26 - DEBUG - AI is thinking ... AI is max player
2024-10-25 05:35:28 - SUCCESS - AI move: (3, 6)
2024-10-25 05:35:28 - DEBUG - 当前位置: (3, 6)=('D', '7') 绘制棋子完成, 颜色: white
2024-10-25 05:35:28 - INFO - 当前玩家: Player(name='Player', color='black', type='human')人类玩家, 请点击棋盘下棋
2024-10-25 05:35:29 - DEBUG - 当前位置: (2, 5)=('C', '6') 绘制棋子完成, 颜色: black
2024-10-25 05:35:29 - INFO - 当前玩家: Player(name='AI', color='white', type='ai')AI 玩家, 请等待AI下棋
2024-10-25 05:35:29 - DEBUG - AI is thinking ... AI is max player
2024-10-25 05:35:31 - SUCCESS - AI move: (3, 8)
2024-10-25 05:35:31 - DEBUG - 当前位置: (3, 8)=('D', '9') 绘制棋子完成, 颜色: white
2024-10-25 05:35:31 - INFO - 当前玩家: Player(name='Player', color='black', type='human')人类玩家, 请点击棋盘下棋
2024-10-25 05:35:32 - DEBUG - 当前位置: (3, 9)=('D', '10') 绘制棋子完成, 颜色: black
2024-10-25 05:35:32 - INFO - 当前玩家: Player(name='AI', color='white', type='ai')AI 玩家, 请等待AI下棋
2024-10-25 05:35:32 - DEBUG - AI is thinking ... AI is max player
2024-10-25 05:35:33 - SUCCESS - AI move: (6, 5)
2024-10-25 05:35:33 - DEBUG - 当前位置: (6, 5)=('G', '6') 绘制棋子完成, 颜色: white
2024-10-25 05:35:33 - INFO - 当前玩家: Player(name='Player', color='black', type='human')人类玩家, 请点击棋盘下棋
2024-10-25 05:35:35 - DEBUG - 当前位置: (7, 4)=('H', '5') 绘制棋子完成, 颜色: black
2024-10-25 05:35:35 - INFO - 当前玩家: Player(name='AI', color='white', type='ai')AI 玩家, 请等待AI下棋
2024-10-25 05:35:35 - DEBUG - AI is thinking ... AI is max player
2024-10-25 05:35:36 - SUCCESS - AI move: (2, 9)
2024-10-25 05:35:36 - DEBUG - 当前位置: (2, 9)=('C', '10') 绘制棋子完成, 颜色: white
2024-10-25 05:35:36 - INFO - Player(name='AI', color='white', type='ai') 胜利
